[debug] [2026-02-05T15:24:49.247Z] ----------------------------------------------------------------------
[debug] [2026-02-05T15:24:49.268Z] Command:       /nix/store/ws50yvm6vzlzf7jzz6n7xh4szddrack1-nodejs-20.19.1/bin/node /home/user/.global_modules/bin/firebase init
[debug] [2026-02-05T15:24:49.269Z] CLI Version:   15.5.1
[debug] [2026-02-05T15:24:49.270Z] Platform:      linux
[debug] [2026-02-05T15:24:49.270Z] Node Version:  v20.19.1
[debug] [2026-02-05T15:24:49.270Z] Time:          Thu Feb 05 2026 15:24:49 GMT+0000 (Coordinated Universal Time)
[debug] [2026-02-05T15:24:49.271Z] ----------------------------------------------------------------------
[debug] 
[debug] [2026-02-05T15:24:55.526Z] Checked if tokens are valid: true, expires at: 1770308669344
[debug] [2026-02-05T15:24:55.528Z] Checked if tokens are valid: true, expires at: 1770308669344
[debug] [2026-02-05T15:24:55.536Z] >>> [apiv2][query] GET https://monospace-pa.googleapis.com/v1/workspaces/backend-firebasegit-39240845 [none]
[debug] [2026-02-05T15:24:56.223Z] <<< [apiv2][status] GET https://monospace-pa.googleapis.com/v1/workspaces/backend-firebasegit-39240845 200
[debug] [2026-02-05T15:24:56.224Z] <<< [apiv2][body] GET https://monospace-pa.googleapis.com/v1/workspaces/backend-firebasegit-39240845 {"workspaceId":"backend-firebasegit-39240845","name":"backend-firebase.git","workspaceRedirectUrl":"firebase-backend-firebasegit-1770228138225.cluster-lqzyk3r5hzdcaqv6zwm7wv6pwa.cloudworkstations.dev","status":"WORKSPACE_STATUS_RUNNING","lastAccessDatetime":"2026-02-05T14:53:22.873482Z","workspaceTemplate":"WORKSPACE_TEMPLATE_BLANK_WEB","owner":"SELF","serviceAccountEmail":"msp-9063090312909091483@monospace-per-ws-sa-5.iam.gserviceaccount.com","gitRepoUrl":"https://github.com/abraan16/backend-firebase.git","enableNix":true,"ownerEmail":"acevedocabraham@gmail.com","workstationAccessToken":"eyJhbGciOiJSUzI1NiIsInR5cCI6IkpXVCJ9.eyJpc3MiOiJodHRwczovL2Nsb3VkLmdvb2dsZS5jb20vd29ya3N0YXRpb25zIiwiYXVkIjoiZmlyZWJhc2UtYmFja2VuZC1maXJlYmFzZWdpdC0xNzcwMjI4MTM4MjI1LmNsdXN0ZXItbHF6eWszcjVoemRjYXF2Nnp3bTd3djZwd2EuY2xvdWR3b3Jrc3RhdGlvbnMuZGV2IiwiaWF0IjoxNzcwMzA1MDk2LCJleHAiOjE3NzAzOTE0OTZ9.nxmsOSYktiXQvU1yk3y02ThF0oBmRqKYzSRGq5gAnyGPM3tBJf_SW9GeIIgTuIz3ZtYM-qFexNxVtcMJxIuYOPNdFAgCbnkMiVcUqIFC-LPv2iRjocKStNE5VOh2p3gfBk-M-lnSK0oNUhK5XJohA2_n3IPOrsNXk_spR1eko_YrrGnFZndaxFf5OMjRrTZck6U466UzbQYK17Smrt6xXfQrSdXVM-bxXFu4uY7AXPRkXd3v0OgpEPb0jh8VK5w7zsW_gjxrv3OOcGdVWlvmYQVg-b1f_zXSEOMQg_Fu6fSy8ehRxrWIDjFOZCubJh9OPGNB0iMpmIQRWcKSv-kDIw"}
[info] 
     ######## #### ########  ######## ########     ###     ######  ########
     ##        ##  ##     ## ##       ##     ##  ##   ##  ##       ##
     ######    ##  ########  ######   ########  #########  ######  ######
     ##        ##  ##    ##  ##       ##     ## ##     ##       ## ##
     ##       #### ##     ## ######## ########  ##     ##  ######  ########

You're about to initialize a Firebase project in this directory:

  /home/user/backend-firebase

[info] 
=== Project Setup
[info] 
[info] First, let's associate this project directory with a Firebase project.
[info] You can create multiple project aliases by running firebase use --add, 
[info] 
[debug] [2026-02-05T15:33:47.199Z] > command requires scopes: ["email","openid","https://www.googleapis.com/auth/cloudplatformprojects.readonly","https://www.googleapis.com/auth/firebase","https://www.googleapis.com/auth/cloud-platform","https://www.googleapis.com/auth/userinfo.email"]
[debug] [2026-02-05T15:33:47.200Z] > authorizing via signed-in user (acevedocabraham@gmail.com)
[debug] [2026-02-05T15:33:47.203Z] Checked if tokens are valid: true, expires at: 1770308669344
[debug] [2026-02-05T15:33:47.203Z] Checked if tokens are valid: true, expires at: 1770308669344
[debug] [2026-02-05T15:33:47.205Z] >>> [apiv2][query] GET https://firebase.googleapis.com/v1beta1/projects pageSize=100
[debug] [2026-02-05T15:33:47.607Z] <<< [apiv2][status] GET https://firebase.googleapis.com/v1beta1/projects 200
[debug] [2026-02-05T15:33:47.607Z] <<< [apiv2][body] GET https://firebase.googleapis.com/v1beta1/projects [omitted]
[info] 
=== Dataconnect Setup
[info] i  dataconnect: ensuring required API firebasedataconnect.googleapis.com is enabled... 
[debug] [2026-02-05T15:40:32.415Z] Checked if tokens are valid: true, expires at: 1770308669344
[debug] [2026-02-05T15:40:32.415Z] Checked if tokens are valid: true, expires at: 1770308669344
[info] i  dataconnect: ensuring required API sqladmin.googleapis.com is enabled... 
[debug] [2026-02-05T15:40:32.416Z] Checked if tokens are valid: true, expires at: 1770308669344
[debug] [2026-02-05T15:40:32.416Z] Checked if tokens are valid: true, expires at: 1770308669344
[debug] [2026-02-05T15:40:32.416Z] >>> [apiv2][query] GET https://serviceusage.googleapis.com/v1/projects/studio-9393748995-3a3de/services/firebasedataconnect.googleapis.com [none]
[debug] [2026-02-05T15:40:32.416Z] >>> [apiv2][(partial)header] GET https://serviceusage.googleapis.com/v1/projects/studio-9393748995-3a3de/services/firebasedataconnect.googleapis.com  x-goog-user-project=studio-9393748995-3a3de
[debug] [2026-02-05T15:40:32.420Z] >>> [apiv2][query] GET https://serviceusage.googleapis.com/v1/projects/studio-9393748995-3a3de/services/sqladmin.googleapis.com [none]
[debug] [2026-02-05T15:40:32.420Z] >>> [apiv2][(partial)header] GET https://serviceusage.googleapis.com/v1/projects/studio-9393748995-3a3de/services/sqladmin.googleapis.com  x-goog-user-project=studio-9393748995-3a3de
[debug] [2026-02-05T15:40:32.579Z] <<< [apiv2][status] GET https://serviceusage.googleapis.com/v1/projects/studio-9393748995-3a3de/services/firebasedataconnect.googleapis.com 200
[debug] [2026-02-05T15:40:32.579Z] <<< [apiv2][body] GET https://serviceusage.googleapis.com/v1/projects/studio-9393748995-3a3de/services/firebasedataconnect.googleapis.com [omitted]
[warn] ⚠  dataconnect: missing required API firebasedataconnect.googleapis.com. Enabling now... 
[debug] [2026-02-05T15:40:32.581Z] Checked if tokens are valid: true, expires at: 1770308669344
[debug] [2026-02-05T15:40:32.581Z] Checked if tokens are valid: true, expires at: 1770308669344
[debug] [2026-02-05T15:40:32.581Z] >>> [apiv2][query] POST https://serviceusage.googleapis.com/v1/projects/studio-9393748995-3a3de/services/firebasedataconnect.googleapis.com:enable [none]
[debug] [2026-02-05T15:40:32.582Z] >>> [apiv2][(partial)header] POST https://serviceusage.googleapis.com/v1/projects/studio-9393748995-3a3de/services/firebasedataconnect.googleapis.com:enable  x-goog-user-project=studio-9393748995-3a3de
[debug] [2026-02-05T15:40:32.593Z] <<< [apiv2][status] GET https://serviceusage.googleapis.com/v1/projects/studio-9393748995-3a3de/services/sqladmin.googleapis.com 200
[debug] [2026-02-05T15:40:32.594Z] <<< [apiv2][body] GET https://serviceusage.googleapis.com/v1/projects/studio-9393748995-3a3de/services/sqladmin.googleapis.com [omitted]
[warn] ⚠  dataconnect: missing required API sqladmin.googleapis.com. Enabling now... 
[debug] [2026-02-05T15:40:32.597Z] Checked if tokens are valid: true, expires at: 1770308669344
[debug] [2026-02-05T15:40:32.598Z] Checked if tokens are valid: true, expires at: 1770308669344
[debug] [2026-02-05T15:40:32.598Z] >>> [apiv2][query] POST https://serviceusage.googleapis.com/v1/projects/studio-9393748995-3a3de/services/sqladmin.googleapis.com:enable [none]
[debug] [2026-02-05T15:40:32.598Z] >>> [apiv2][(partial)header] POST https://serviceusage.googleapis.com/v1/projects/studio-9393748995-3a3de/services/sqladmin.googleapis.com:enable  x-goog-user-project=studio-9393748995-3a3de
[debug] [2026-02-05T15:40:32.765Z] <<< [apiv2][status] POST https://serviceusage.googleapis.com/v1/projects/studio-9393748995-3a3de/services/firebasedataconnect.googleapis.com:enable 200
[debug] [2026-02-05T15:40:32.765Z] <<< [apiv2][body] POST https://serviceusage.googleapis.com/v1/projects/studio-9393748995-3a3de/services/firebasedataconnect.googleapis.com:enable [omitted]
[debug] [2026-02-05T15:40:32.787Z] <<< [apiv2][status] POST https://serviceusage.googleapis.com/v1/projects/studio-9393748995-3a3de/services/sqladmin.googleapis.com:enable 200
[debug] [2026-02-05T15:40:32.788Z] <<< [apiv2][body] POST https://serviceusage.googleapis.com/v1/projects/studio-9393748995-3a3de/services/sqladmin.googleapis.com:enable [omitted]
[debug] [2026-02-05T15:40:42.798Z] Checked if tokens are valid: true, expires at: 1770308669344
[debug] [2026-02-05T15:40:42.798Z] Checked if tokens are valid: true, expires at: 1770308669344
[debug] [2026-02-05T15:40:42.799Z] >>> [apiv2][query] GET https://firebasedataconnect.googleapis.com/v1/projects/studio-9393748995-3a3de/locations/-/services [none]
[debug] [2026-02-05T15:40:43.167Z] <<< [apiv2][status] GET https://firebasedataconnect.googleapis.com/v1/projects/studio-9393748995-3a3de/locations/-/services 200
[debug] [2026-02-05T15:40:43.168Z] <<< [apiv2][body] GET https://firebasedataconnect.googleapis.com/v1/projects/studio-9393748995-3a3de/locations/-/services {}
